<?xml version="1.0" encoding="UTF-8"?>
<!-- Generated by org.testng.reporters.JUnitReportReporter -->
<testsuite hostname="DESKTOP-UIPJ9QJ" failures="0" tests="1" name="com.sevenmart.tests.ManageDeliveryBoyTest" time="10.151" errors="0" timestamp="2023-08-16T01:01:51 IST" skipped="0">
  <testcase classname="com.sevenmart.tests.ManageDeliveryBoyTest" name="verify_deleteDeliveryBoyDetails" time="10.151"/>
  <system-out/>
</testsuite> <!-- com.sevenmart.tests.ManageDeliveryBoyTest -->
