<?xml version="1.0" encoding="UTF-8"?>
<!-- Generated by org.testng.reporters.JUnitReportReporter -->
<testsuite hostname="DESKTOP-UIPJ9QJ" failures="0" tests="1" name="com.sevenmart.tests.PushNotificationsTest" time="10.614" errors="0" timestamp="2023-08-10T12:51:55 IST" skipped="0">
  <testcase classname="com.sevenmart.tests.PushNotificationsTest" name="verify_ResetButton" time="10.614"/>
  <system-out/>
</testsuite> <!-- com.sevenmart.tests.PushNotificationsTest -->
