<?xml version="1.0" encoding="UTF-8"?>
<!-- Generated by org.testng.reporters.JUnitReportReporter -->
<testsuite hostname="DESKTOP-UIPJ9QJ" failures="0" tests="1" name="com.sevenmart.tests.AdminUsersTest" time="16.652" errors="0" timestamp="2023-08-03T07:31:08 IST" skipped="0">
  <testcase classname="com.sevenmart.tests.AdminUsersTest" name="verify_HitOnAdminUsersPage" time="16.652"/>
  <system-out/>
</testsuite> <!-- com.sevenmart.tests.AdminUsersTest -->
