<?xml version="1.0" encoding="UTF-8"?>
<!-- Generated by org.testng.reporters.JUnitReportReporter -->
<testsuite hostname="DESKTOP-UIPJ9QJ" failures="0" tests="1" name="com.sevenmart.tests.ManageDeliveryBoyTest" time="17.216" errors="0" timestamp="2023-08-04T20:48:11 IST" skipped="0">
  <testcase classname="com.sevenmart.tests.ManageDeliveryBoyTest" name="verify_editDeliveryBoyDetails" time="17.216"/>
  <system-out/>
</testsuite> <!-- com.sevenmart.tests.ManageDeliveryBoyTest -->
