<?xml version="1.0" encoding="UTF-8"?>
<!-- Generated by org.testng.reporters.JUnitReportReporter -->
<testsuite hostname="DESKTOP-UIPJ9QJ" failures="0" tests="1" name="com.sevenmart.tests.LoginTest" time="6.966" errors="0" timestamp="2023-08-16T00:24:20 IST" skipped="0">
  <testcase classname="com.sevenmart.tests.LoginTest" name="verify_CheckboxwithoutLogin" time="6.966"/>
  <system-out/>
</testsuite> <!-- com.sevenmart.tests.LoginTest -->
