<?xml version="1.0" encoding="UTF-8"?>
<!-- Generated by org.testng.reporters.JUnitReportReporter -->
<testsuite hostname="DESKTOP-UIPJ9QJ" failures="0" tests="1" name="com.sevenmart.tests.AdminUsersTest" time="10.267" errors="0" timestamp="2023-08-16T01:32:36 IST" skipped="0">
  <testcase classname="com.sevenmart.tests.AdminUsersTest" name="verify_ExistingUser" time="10.267"/>
  <system-out/>
</testsuite> <!-- com.sevenmart.tests.AdminUsersTest -->
