<?xml version="1.0" encoding="UTF-8"?>
<!-- Generated by org.testng.reporters.JUnitReportReporter -->
<testsuite hostname="DESKTOP-UIPJ9QJ" failures="0" tests="2" name="com.sevenmart.tests.LoginTest" time="14.021" errors="0" timestamp="2023-08-03T15:24:09 IST" skipped="0">
  <testcase classname="com.sevenmart.tests.LoginTest" name="verify_invalidLoginsAlertMessageUsingDataProvider" time="5.046"/>
  <system-out/>
  <testcase classname="com.sevenmart.tests.LoginTest" name="verify_invalidLoginsAlertMessageUsingDataProvider" time="8.975"/>
  <system-out/>
</testsuite> <!-- com.sevenmart.tests.LoginTest -->
