<?xml version="1.0" encoding="UTF-8"?>
<!-- Generated by org.testng.reporters.JUnitReportReporter -->
<testsuite hostname="DESKTOP-UIPJ9QJ" failures="0" tests="2" name="com.sevenmart.tests.LoginTest" time="25.974" errors="0" timestamp="2023-08-16T08:17:59 IST" skipped="0">
  <testcase classname="com.sevenmart.tests.LoginTest" name="verify_invalidLoginAlertMessageUsingExcel" time="12.621"/>
  <system-out/>
  <testcase classname="com.sevenmart.tests.LoginTest" name="verify_CheckboxwithoutLogin" time="13.353"/>
  <system-out/>
</testsuite> <!-- com.sevenmart.tests.LoginTest -->
