<?xml version="1.0" encoding="UTF-8"?>
<!-- Generated by org.testng.reporters.JUnitReportReporter -->
<testsuite hostname="DESKTOP-UIPJ9QJ" failures="0" tests="1" name="com.sevenmart.tests.PushNotificationsTest" time="13.665" errors="0" timestamp="2023-08-03T22:05:20 IST" skipped="0">
  <testcase classname="com.sevenmart.tests.PushNotificationsTest" name="verify_ResetButton" time="13.665"/>
  <system-out/>
</testsuite> <!-- com.sevenmart.tests.PushNotificationsTest -->
