<?xml version="1.0" encoding="UTF-8"?>
<!-- Generated by org.testng.reporters.JUnitReportReporter -->
<testsuite hostname="DESKTOP-UIPJ9QJ" failures="0" tests="1" name="com.sevenmart.tests.ManageDeliveryBoyTest" time="12.173" errors="0" timestamp="2023-08-16T08:17:59 IST" skipped="0">
  <testcase classname="com.sevenmart.tests.ManageDeliveryBoyTest" name="verify_ManageDeliveryBoyPageHeading" time="12.173"/>
  <system-out/>
</testsuite> <!-- com.sevenmart.tests.ManageDeliveryBoyTest -->
